14.12.08 14:38:14 [INFO] Jono2409 failed Speed: tried to attack with too high a frequency. VL 2.
14.12.08 14:38:14 [INFO] Jono2409 failed Improbable: meets the improbable more than expected. VL 13.
14.12.08 14:38:19 [INFO] Jono2409 failed Speed: tried to attack with too high a frequency. VL 4999.
14.12.08 14:38:22 [INFO] Jono2409 failed Improbable: meets the improbable more than expected. VL 16583.
14.12.08 14:38:24 [INFO] Jono2409 failed Speed: tried to attack with too high a frequency. VL 10677.
14.12.08 14:38:25 [INFO] Jono2409 failed Angle: tried to hit multiple entities at the same time. VL 189.
14.12.08 14:38:25 [INFO] Jono2409 failed Angle: tried to hit multiple entities at the same time. VL 252.
14.12.08 14:38:29 [INFO] Jono2409 failed Speed: tried to attack with too high a frequency. VL 18241.
14.12.08 14:38:30 [INFO] Jono2409 failed Improbable: meets the improbable more than expected. VL 75913.
14.12.08 14:38:34 [INFO] Jono2409 failed Speed: tried to attack with too high a frequency. VL 21335.
14.12.08 14:38:38 [INFO] Jono2409 failed Improbable: meets the improbable more than expected. VL 153875.
14.12.08 14:38:39 [INFO] Jono2409 failed Speed: tried to attack with too high a frequency. VL 27981.
14.12.08 14:38:44 [INFO] Jono2409 failed Speed: tried to attack with too high a frequency. VL 35089.
14.12.08 14:38:46 [INFO] Jono2409 failed Improbable: meets the improbable more than expected. VL 271492.
14.12.08 14:38:49 [INFO] Jono2409 failed Speed: tried to attack with too high a frequency. VL 42944.
14.12.08 14:38:50 [INFO] Jono2409 failed Angle: tried to hit multiple entities at the same time. VL 121.
14.12.08 14:38:50 [INFO] Jono2409 failed Angle: tried to hit multiple entities at the same time. VL 300.
14.12.08 14:38:54 [INFO] Jono2409 failed Speed: tried to attack with too high a frequency. VL 49889.
14.12.08 14:38:54 [INFO] Jono2409 failed Improbable: meets the improbable more than expected. VL 412876.
14.12.08 14:38:55 [INFO] Jono2409 failed Angle: tried to hit multiple entities at the same time. VL 240.
14.12.08 14:38:55 [INFO] Jono2409 failed Angle: tried to hit multiple entities at the same time. VL 299.
14.12.08 14:38:59 [INFO] Jono2409 failed Speed: tried to attack with too high a frequency. VL 57517.
14.12.08 14:39:02 [INFO] Jono2409 failed Improbable: meets the improbable more than expected. VL 605512.
14.12.08 14:39:03 [INFO] Jono2409 failed Angle: tried to hit multiple entities at the same time. VL 255.
14.12.08 14:39:04 [INFO] Jono2409 failed Speed: tried to attack with too high a frequency. VL 65135.
14.12.08 14:39:09 [INFO] Jono2409 failed Speed: tried to attack with too high a frequency. VL 60566.
14.12.08 14:39:10 [INFO] Jono2409 failed Improbable: meets the improbable more than expected. VL 797641.
14.12.08 14:39:14 [INFO] Jono2409 failed Speed: tried to attack with too high a frequency. VL 66601.
14.12.08 14:39:19 [INFO] Jono2409 failed Speed: tried to attack with too high a frequency. VL 54983.
14.12.08 14:39:19 [INFO] Jono2409 failed Improbable: meets the improbable more than expected. VL 922948.
14.12.08 14:39:23 [INFO] Jono2409 failed Angle: tried to hit multiple entities at the same time. VL 120.
14.12.08 14:39:23 [INFO] Jono2409 failed Angle: tried to hit multiple entities at the same time. VL 301.
14.12.08 14:39:24 [INFO] Jono2409 failed Speed: tried to attack with too high a frequency. VL 42953.
14.12.08 14:39:27 [INFO] Jono2409 failed Improbable: meets the improbable more than expected. VL 1099695.
14.12.08 14:39:29 [INFO] Jono2409 failed Speed: tried to attack with too high a frequency. VL 48828.
14.12.08 14:39:34 [INFO] Jono2409 failed Speed: tried to attack with too high a frequency. VL 54623.
14.12.08 14:39:35 [INFO] Jono2409 failed Improbable: meets the improbable more than expected. VL 1300758.
14.12.08 14:39:39 [INFO] Jono2409 failed Speed: tried to attack with too high a frequency. VL 61263.
14.12.08 14:39:43 [INFO] Jono2409 failed Improbable: meets the improbable more than expected. VL 1472591.
14.12.08 14:39:44 [INFO] Jono2409 failed Speed: tried to attack with too high a frequency. VL 67027.
14.12.08 14:39:49 [INFO] Jono2409 failed Speed: tried to attack with too high a frequency. VL 73514.
14.12.08 14:39:52 [INFO] Jono2409 failed Improbable: meets the improbable more than expected. VL 1623577.
14.12.08 14:40:02 [INFO] Jono2409 failed Speed: tried to attack with too high a frequency. VL 49116.
14.12.08 14:40:02 [INFO] Jono2409 failed Improbable: meets the improbable more than expected. VL 1626365.
14.12.08 14:40:07 [INFO] Jono2409 failed Speed: tried to attack with too high a frequency. VL 43981.
14.12.08 14:47:00 [INFO] Jono2409 failed Speed: tried to attack with too high a frequency. VL 13377.
14.12.08 14:47:00 [INFO] Jono2409 failed Angle: tried to hit multiple entities at the same time. VL 306.
14.12.08 14:47:01 [INFO] Jono2409 failed Improbable: meets the improbable more than expected. VL 800308.
14.12.08 14:47:05 [INFO] Jono2409 failed Speed: tried to attack with too high a frequency. VL 9173.
14.12.08 14:47:05 [INFO] Jono2409 failed Angle: tried to hit multiple entities at the same time. VL 1010.
14.12.08 14:47:09 [INFO] Jono2409 failed Improbable: meets the improbable more than expected. VL 670687.
14.12.08 14:47:10 [INFO] Jono2409 failed Speed: tried to attack with too high a frequency. VL 15415.
14.12.08 14:47:15 [INFO] Jono2409 failed Speed: tried to attack with too high a frequency. VL 22598.
14.12.08 14:47:17 [INFO] Jono2409 failed Improbable: meets the improbable more than expected. VL 720266.
14.12.08 14:47:20 [INFO] Jono2409 failed Speed: tried to attack with too high a frequency. VL 20785.
14.12.08 14:47:25 [INFO] Jono2409 failed Speed: tried to attack with too high a frequency. VL 24047.
14.12.08 14:47:25 [INFO] Jono2409 failed Improbable: meets the improbable more than expected. VL 770863.
14.12.08 14:47:25 [INFO] Jono2409 failed Angle: tried to hit multiple entities at the same time. VL 125.
14.12.08 14:47:25 [INFO] Jono2409 failed Angle: tried to hit multiple entities at the same time. VL 311.
14.12.08 14:47:30 [INFO] Jono2409 failed Speed: tried to attack with too high a frequency. VL 30469.
14.12.08 14:47:33 [INFO] Jono2409 failed Improbable: meets the improbable more than expected. VL 860882.
14.12.08 14:47:35 [INFO] Jono2409 failed Speed: tried to attack with too high a frequency. VL 37564.
14.12.08 14:47:36 [INFO] Jono2409 failed Angle: tried to hit multiple entities at the same time. VL 125.
14.12.08 14:47:36 [INFO] Jono2409 failed Angle: tried to hit multiple entities at the same time. VL 308.
14.12.08 14:47:40 [INFO] Jono2409 failed Speed: tried to attack with too high a frequency. VL 35575.
14.12.08 14:47:41 [INFO] Jono2409 failed Improbable: meets the improbable more than expected. VL 992324.
14.12.08 14:47:42 [INFO] Jono2409 failed Angle: tried to hit multiple entities at the same time. VL 730.
14.12.08 14:47:45 [INFO] Jono2409 failed Speed: tried to attack with too high a frequency. VL 39486.
14.12.08 14:47:47 [INFO] Jono2409 failed Angle: tried to hit multiple entities at the same time. VL 1881.
14.12.08 14:47:50 [INFO] Jono2409 failed Improbable: meets the improbable more than expected. VL 1130138.
14.12.08 14:47:50 [INFO] Jono2409 failed Speed: tried to attack with too high a frequency. VL 35485.
14.12.08 14:47:52 [INFO] Jono2409 failed Angle: tried to hit multiple entities at the same time. VL 6929.
14.12.08 14:47:55 [INFO] Jono2409 failed Speed: tried to attack with too high a frequency. VL 25149.
14.12.08 14:47:58 [INFO] Jono2409 failed Improbable: meets the improbable more than expected. VL 1234287.
14.12.08 14:47:58 [INFO] Jono2409 failed Angle: tried to hit multiple entities at the same time. VL 11179.
14.12.08 14:48:10 [INFO] Jono2409 failed Improbable: meets the improbable more than expected. VL 1257106.
14.12.08 14:48:10 [INFO] Jono2409 failed Angle: tried to hit multiple entities at the same time. VL 12786.
14.12.08 14:48:10 [INFO] Jono2409 failed Speed: tried to attack with too high a frequency. VL 10316.
14.12.08 14:48:15 [INFO] Jono2409 failed Speed: tried to attack with too high a frequency. VL 3047.
14.12.08 14:48:25 [INFO] Jono2409 failed Improbable: meets the improbable more than expected. VL 1271172.
14.12.08 14:48:29 [INFO] Jono2409 failed Angle: tried to hit multiple entities at the same time. VL 8373.
14.12.08 14:48:29 [INFO] Jono2409 failed Speed: tried to attack with too high a frequency. VL 1056.
14.12.08 14:48:33 [INFO] Jono2409 failed Improbable: meets the improbable more than expected. VL 1277084.
14.12.08 14:48:34 [INFO] Jono2409 failed Speed: tried to attack with too high a frequency. VL 633.
14.12.08 14:48:34 [INFO] Jono2409 failed Angle: tried to hit multiple entities at the same time. VL 7723.
14.12.08 14:48:39 [INFO] Jono2409 failed Speed: tried to attack with too high a frequency. VL 3156.
14.12.08 14:48:39 [INFO] Jono2409 failed Angle: tried to hit multiple entities at the same time. VL 7642.
14.12.08 14:48:45 [INFO] Jono2409 failed Improbable: meets the improbable more than expected. VL 1306271.
14.12.08 14:49:01 [INFO] Jono2409 failed Angle: tried to hit multiple entities at the same time. VL 10080.
14.12.08 14:49:01 [INFO] Jono2409 failed Speed: tried to attack with too high a frequency. VL 3636.
14.12.08 14:49:01 [INFO] Jono2409 failed Improbable: meets the improbable more than expected. VL 1306580.
14.12.08 14:49:06 [INFO] Jono2409 failed Speed: tried to attack with too high a frequency. VL 8016.
14.12.08 14:49:06 [INFO] Jono2409 failed Angle: tried to hit multiple entities at the same time. VL 22750.
14.12.08 14:49:09 [INFO] Jono2409 failed Improbable: meets the improbable more than expected. VL 1349063.
14.12.08 14:49:11 [INFO] Jono2409 failed Speed: tried to attack with too high a frequency. VL 11766.
14.12.08 14:49:11 [INFO] Jono2409 failed Angle: tried to hit multiple entities at the same time. VL 35301.
14.12.08 14:49:16 [INFO] Jono2409 failed Speed: tried to attack with too high a frequency. VL 12466.
14.12.08 14:49:16 [INFO] Jono2409 failed Angle: tried to hit multiple entities at the same time. VL 49997.
14.12.08 14:49:17 [INFO] Jono2409 failed Improbable: meets the improbable more than expected. VL 1837699.
14.12.08 14:49:21 [INFO] Jono2409 failed Angle: tried to hit multiple entities at the same time. VL 50097.
14.12.08 14:49:21 [INFO] Jono2409 failed Knockback: tried to do a knockback but wasn't technically sprinting. VL 99.
14.12.08 14:49:21 [INFO] Jono2409 failed Speed: tried to attack with too high a frequency. VL 2525.
14.12.08 14:49:25 [INFO] Jono2409 failed Improbable: meets the improbable more than expected. VL 2054070.
14.12.08 14:49:26 [INFO] Jono2409 failed Speed: tried to attack with too high a frequency. VL 6851.
14.12.08 14:49:26 [INFO] Jono2409 failed Angle: tried to hit multiple entities at the same time. VL 59258.
14.12.08 14:49:31 [INFO] Jono2409 failed Speed: tried to attack with too high a frequency. VL 13424.
14.12.08 14:49:31 [INFO] Jono2409 failed Angle: tried to hit multiple entities at the same time. VL 61938.
14.12.08 14:49:33 [INFO] Jono2409 failed Improbable: meets the improbable more than expected. VL 2462303.
14.12.08 14:49:36 [INFO] Jono2409 failed Speed: tried to attack with too high a frequency. VL 19403.
14.12.08 14:49:39 [INFO] Jono2409 failed Angle: tried to hit multiple entities at the same time. VL 104.
14.12.08 14:49:39 [INFO] Jono2409 failed Angle: tried to hit multiple entities at the same time. VL 288.
14.12.08 14:49:41 [INFO] Jono2409 failed Speed: tried to attack with too high a frequency. VL 24558.
14.12.08 14:49:41 [INFO] Jono2409 failed Improbable: meets the improbable more than expected. VL 2848156.
14.12.08 14:49:44 [INFO] Jono2409 failed Angle: tried to hit multiple entities at the same time. VL 7361.
14.12.08 14:49:46 [INFO] Jono2409 failed Speed: tried to attack with too high a frequency. VL 23536.
14.12.08 14:49:49 [INFO] Jono2409 failed Improbable: meets the improbable more than expected. VL 3228856.
14.12.08 14:49:51 [INFO] Jono2409 failed Speed: tried to attack with too high a frequency. VL 14182.
14.12.08 14:49:57 [INFO] Jono2409 failed Speed: tried to attack with too high a frequency. VL 2451.
14.12.08 14:49:57 [INFO] Jono2409 failed Improbable: meets the improbable more than expected. VL 3376328.
14.12.08 14:50:02 [INFO] Jono2409 failed Speed: tried to attack with too high a frequency. VL 1873.
14.12.08 14:50:05 [INFO] Jono2409 failed Improbable: meets the improbable more than expected. VL 3540661.
14.12.08 14:50:07 [INFO] Jono2409 failed Speed: tried to attack with too high a frequency. VL 774.
14.12.08 14:50:09 [INFO] Jono2409 failed Angle: tried to hit multiple entities at the same time. VL 111.
14.12.08 14:50:09 [INFO] Jono2409 failed Angle: tried to hit multiple entities at the same time. VL 277.
14.12.08 14:50:12 [INFO] Jono2409 failed Speed: tried to attack with too high a frequency. VL 432.
14.12.08 14:50:13 [INFO] Jono2409 failed Improbable: meets the improbable more than expected. VL 3670505.
14.12.08 14:50:13 [INFO] Jono2409 failed Knockback: tried to do a knockback but wasn't technically sprinting. VL 165.
14.12.08 14:50:14 [INFO] Jono2409 failed Angle: tried to hit multiple entities at the same time. VL 1988.
14.12.08 14:50:18 [INFO] Jono2409 failed Speed: tried to attack with too high a frequency. VL 585.
14.12.08 14:50:35 [INFO] Jono2409 failed Improbable: meets the improbable more than expected. VL 3722506.
14.12.08 14:50:35 [INFO] Jono2409 failed Angle: tried to hit multiple entities at the same time. VL 3416.
14.12.08 14:50:35 [INFO] Jono2409 failed Speed: tried to attack with too high a frequency. VL 397.
14.12.08 14:50:40 [INFO] Jono2409 failed Speed: tried to attack with too high a frequency. VL 1578.
14.12.08 14:50:40 [INFO] Jono2409 failed Angle: tried to hit multiple entities at the same time. VL 9986.
14.12.08 14:50:43 [INFO] Jono2409 failed Improbable: meets the improbable more than expected. VL 3776426.
14.12.08 14:50:45 [INFO] Jono2409 failed Speed: tried to attack with too high a frequency. VL 681.
14.12.08 14:50:45 [INFO] Jono2409 failed Angle: tried to hit multiple entities at the same time. VL 2154.
14.12.08 14:50:50 [INFO] Jono2409 failed Speed: tried to attack with too high a frequency. VL 987.
14.12.08 14:50:50 [INFO] Jono2409 failed Angle: tried to hit multiple entities at the same time. VL 4194.
14.12.08 14:50:51 [INFO] Jono2409 failed Improbable: meets the improbable more than expected. VL 3797946.
14.12.08 14:50:55 [INFO] Jono2409 failed Angle: tried to hit multiple entities at the same time. VL 8855.
14.12.08 14:50:55 [INFO] Jono2409 failed Speed: tried to attack with too high a frequency. VL 1007.
14.12.08 14:50:59 [INFO] Jono2409 failed Improbable: meets the improbable more than expected. VL 3828165.
14.12.08 14:51:00 [INFO] Jono2409 failed Angle: tried to hit multiple entities at the same time. VL 6919.
14.12.08 14:51:00 [INFO] Jono2409 failed Speed: tried to attack with too high a frequency. VL 619.
14.12.08 14:51:07 [INFO] Jono2409 failed Improbable: meets the improbable more than expected. VL 3849914.
14.12.08 14:51:08 [INFO] Jono2409 failed Angle: tried to hit multiple entities at the same time. VL 3015.
14.12.08 14:51:08 [INFO] Jono2409 failed Speed: tried to attack with too high a frequency. VL 377.
14.12.08 14:51:13 [INFO] Jono2409 failed Speed: tried to attack with too high a frequency. VL 1169.
14.12.08 14:51:15 [INFO] Jono2409 failed Improbable: meets the improbable more than expected. VL 3889793.
14.12.08 14:51:26 [INFO] Jono2409 failed Speed: tried to attack with too high a frequency. VL 1169.
14.12.08 14:51:26 [INFO] Jono2409 failed Improbable: meets the improbable more than expected. VL 3894455.
14.12.08 14:51:27 [INFO] Jono2409 failed Angle: tried to hit multiple entities at the same time. VL 260.
14.12.08 14:51:31 [INFO] Jono2409 failed Speed: tried to attack with too high a frequency. VL 223.
14.12.08 14:51:33 [INFO] Jono2409 failed Reach: tried to attack entity out of reach. VL 10.
14.12.08 14:51:34 [INFO] Jono2409 failed Improbable: meets the improbable more than expected. VL 3912006.
14.12.08 14:51:35 [INFO] Jono2409 failed CreativeFly: tried to move unexpectedly. VL 114.
14.12.08 14:51:36 [INFO] Jono2409 failed CreativeFly: tried to move from 1175.62, 11.49, -113.88 to 1174.74, 12.49, -113.45 over a distance of 1.40 block(s). VL 418.
14.12.08 14:51:45 [INFO] Jono2409 failed CreativeFly: tried to move unexpectedly. VL 212.
14.12.08 14:51:46 [INFO] Jono2409 failed CreativeFly: tried to move from 1173.04, 73.75, -116.81 to 1172.97, 74.75, -117.78 over a distance of 1.40 block(s). VL 414.
14.12.08 14:51:51 [INFO] Jono2409 failed CreativeFly: tried to move from 1172.37, 93.75, -126.58 to 1172.31, 94.75, -127.56 over a distance of 1.40 block(s). VL 1909.
14.12.08 14:51:54 [INFO] Jono2409 failed CreativeFly: tried to move unexpectedly. VL 304.
14.12.08 14:51:56 [INFO] Jono2409 failed CreativeFly: tried to move from 1169.81, 160.27, -141.65 to 1169.36, 162.27, -143.56 over a distance of 2.80 block(s). VL 1182.
